C51 COMPILER V9.54   1                                                                     05/22/2022 13:44:09 PAGE 1   


C51 COMPILER V9.54, COMPILATION OF MODULE 1
OBJECT MODULE PLACED IN .\Objects\1.obj
COMPILER INVOKED BY: D:\MDK\C51\BIN\C51.EXE 1.c OPTIMIZE(8,SPEED) BROWSE DEBUG OBJECTEXTEND PRINT(.\Listings\1.lst) TABS
                    -(2) OBJECT(.\Objects\1.obj)

line level    source

   1          //①独立按键key1实现led1灯闪烁
   2          //②独立按键key2、key3实现流水灯
   3          //③独立按键key4实现二进制加法  
   4          
   5          #include<reg52.h>
   6          #include<intrins.h>
   7          #define led P2
   8          typedef unsigned char uchar; 
   9          typedef unsigned int uint;
  10          sbit led1=P2^0;
  11          sbit key1=P3^1;
  12          sbit key2=P3^0;
  13          sbit key3=P3^2;
  14          sbit key4=P3^3;
  15          void delay(uint k);
  16          
  17          void main()
  18          { 
  19   1        uchar N=0; 
  20   1          
  21   1      //独立按键key1实现led1灯闪烁
  22   1        while(1)
  23   1        {
  24   2      //    if(key1==0)
  25   2      //    {
  26   2      //    delay(10);
  27   2      //    led1=0;
  28   2      //    }
  29   2      //    else
  30   2      //    {
  31   2      //      delay(10);
  32   2      //      led1=1;
  33   2      //    }
  34   2      //    
  35   2      //  }
  36   2      
  37   2      
  38   2        
  39   2      //独立按键key2、key3实现流水灯
  40   2      //    led=0xfe;
  41   2      //    while(1)
  42   2      //    {
  43   2      //        
  44   2      //      if(key2==0)
  45   2      //      {
  46   2      //      delay(10);
  47   2      //      led=_crol_(led,1);
  48   2      //      }
  49   2      //      while(key2==0);
  50   2      //      delay(10);  
  51   2      //      if(key3==0)
  52   2      //      {
  53   2      //      delay(10);
  54   2      //      led=_cror_(led,1);
C51 COMPILER V9.54   1                                                                     05/22/2022 13:44:09 PAGE 2   

  55   2      //      }
  56   2      //      while(key3==0);
  57   2      //      delay(10);
  58   2      //    
  59   2      //      
  60   2        
  61   2      //独立按键key4实现二进制加法      
  62   2            if(key4==0)
  63   2            {
  64   3              delay(10);
  65   3              N++;
  66   3              led=~N;
  67   3              delay(100);
  68   3              
  69   3              }
  70   2              while(key4==0);
  71   2              delay(10);    
  72   2        }
  73   1      } 
  74          
  75            void delay(uint k)
  76            {
  77   1          unsigned char i,j;
  78   1          while(k--)
  79   1          {
  80   2            _nop_();
  81   2            i = 2;
  82   2            j = 199;
  83   2            do
  84   2            {
  85   3              while (--j);
  86   3            } while (--i);
  87   2        }
  88   1      
  89   1        } 


MODULE INFORMATION:   STATIC OVERLAYABLE
   CODE SIZE        =     61    ----
   CONSTANT SIZE    =   ----    ----
   XDATA SIZE       =   ----    ----
   PDATA SIZE       =   ----    ----
   DATA SIZE        =   ----       1
   IDATA SIZE       =   ----    ----
   BIT SIZE         =   ----    ----
END OF MODULE INFORMATION.


C51 COMPILATION COMPLETE.  0 WARNING(S),  0 ERROR(S)
