C51 COMPILER V9.54   MAIN                                                                  04/14/2022 20:49:04 PAGE 1   


C51 COMPILER V9.54, COMPILATION OF MODULE MAIN
OBJECT MODULE PLACED IN .\Objects\main.obj
COMPILER INVOKED BY: C:\Keil_v5\C51\BIN\C51.EXE main.c OPTIMIZE(8,SPEED) BROWSE DEBUG OBJECTEXTEND PRINT(.\Listings\main
                    -.lst) TABS(2) OBJECT(.\Objects\main.obj)

line level    source

   1          #include <REGX52.H>
   2          
   3          //数码管段码表
   4          unsigned char NixieTable[]={0x3F,0x06,0x5B,0x4F,0x66,0x6D,0x7D,0x07,0x7F,0x6F};
   5          
   6          //数码管显示子函数
   7          void Nixie(unsigned char Location,Number)
   8          {
   9   1        switch(Location)    //位码输出
  10   1        {
  11   2          case 1:P2_4=1;P2_3=1;P2_2=1;break;
  12   2          case 2:P2_4=1;P2_3=1;P2_2=0;break;
  13   2          case 3:P2_4=1;P2_3=0;P2_2=1;break;
  14   2          case 4:P2_4=1;P2_3=0;P2_2=0;break;
  15   2          case 5:P2_4=0;P2_3=1;P2_2=1;break;
  16   2          case 6:P2_4=0;P2_3=1;P2_2=0;break;
  17   2          case 7:P2_4=0;P2_3=0;P2_2=1;break;
  18   2          case 8:P2_4=0;P2_3=0;P2_2=0;break;
  19   2        }
  20   1        P0=NixieTable[Number];  //段码输出
  21   1      }
  22          
  23          void main()
  24          {
  25   1        Nixie(2,3); //在数码管的第2位置显示3
  26   1        while(1)
  27   1        {
  28   2          
  29   2        }
  30   1      }


MODULE INFORMATION:   STATIC OVERLAYABLE
   CODE SIZE        =    110    ----
   CONSTANT SIZE    =   ----    ----
   XDATA SIZE       =   ----    ----
   PDATA SIZE       =   ----    ----
   DATA SIZE        =     10    ----
   IDATA SIZE       =   ----    ----
   BIT SIZE         =   ----    ----
END OF MODULE INFORMATION.


C51 COMPILATION COMPLETE.  0 WARNING(S),  0 ERROR(S)
