C51 COMPILER V9.54   LCD                                                                   04/01/2022 23:02:02 PAGE 1   


C51 COMPILER V9.54, COMPILATION OF MODULE LCD
OBJECT MODULE PLACED IN .\Objects\LCD.obj
COMPILER INVOKED BY: C:\Keil_v5\C51\BIN\C51.EXE LCD.c OPTIMIZE(8,SPEED) BROWSE DEBUG OBJECTEXTEND PRINT(.\Listings\LCD.l
                    -st) TABS(2) OBJECT(.\Objects\LCD.obj)

line level    source

   1          #include <reg52.h>
   2          #include "LCD1602.h"
   3          #include "Delay.h"
   4          
   5          unsigned int result=0;
   6          
   7          void main()
   8          {
   9   1          LCD_Init();
  10   1        LCD_ShowChar(1,1,'A');
  11   1        LCD_ShowString(1,3,"Hello");
  12   1        LCD_ShowNum(1,9,123,3);
  13   1        LCD_ShowSignedNum(1,13,-66,2);
  14   1        LCD_ShowHexNum(2,1,0xA8,2);
  15   1        LCD_ShowBinNum(2,4,0xAA,8);
  16   1      
  17   1          while(1)
  18   1          {   
  19   2          }
  20   1      
  21   1      }


MODULE INFORMATION:   STATIC OVERLAYABLE
   CODE SIZE        =     83    ----
   CONSTANT SIZE    =      6    ----
   XDATA SIZE       =   ----    ----
   PDATA SIZE       =   ----    ----
   DATA SIZE        =      2    ----
   IDATA SIZE       =   ----    ----
   BIT SIZE         =   ----    ----
END OF MODULE INFORMATION.


C51 COMPILATION COMPLETE.  0 WARNING(S),  0 ERROR(S)
