C51 COMPILER V9.54   MAIN                                                                  04/17/2022 21:19:00 PAGE 1   


C51 COMPILER V9.54, COMPILATION OF MODULE MAIN
OBJECT MODULE PLACED IN .\Objects\main.obj
COMPILER INVOKED BY: C:\Keil_v5\C51\BIN\C51.EXE main.c OPTIMIZE(8,SPEED) BROWSE DEBUG OBJECTEXTEND PRINT(.\Listings\main
                    -.lst) TABS(2) OBJECT(.\Objects\main.obj)

line level    source

   1          #include <reg52.h>
   2          #include "Delay.h"
   3           
   4          //定义74HC595三个引脚   74HC595是串行输入并行输出的移位寄存器
   5          sbit RCK=P3^5;    //RCLK      上升沿锁存，移位完成后 给一个上升沿 将数据并行输出
   6          sbit SCK=P3^6;    //SRCLK     上升沿移位，
   7          sbit SER=P3^4;    //SER       不为0时，串行数据，给移位寄存器输入 (串行输入)
   8          
   9          #define Lattic P0     //P0控制点阵的列 需要一列一列的扫描 
  10          
  11          void _74HC595_WriteByte(unsigned char Byte)      //74HC595写入一个字节
  12          {
  13   1        unsigned char i;
  14   1        for(i=0;i<8;i++)
  15   1        {
  16   2          SER=Byte&(0x80>>i);   
  17   2          SCK=1;     //给一个上升沿，向下移位
  18   2          SCK=0;     //恢复低电平
  19   2        }
  20   1        RCK=1;       //给一个上升沿，输出数据
  21   1        RCK=0;       //恢复低电平
  22   1      }
  23          
  24          
  25          /**
  26            * @brief  LED点阵屏显示一列数据
  27            * @param  Column 要选择的列，范围：0~7，0在最左边
  28            * @param  Data 选择列显示的数据，高位在上，1为亮，0为灭
  29            * @retval 无
  30            */
  31          void MatrixLED_ShowColumn(unsigned char Column,Data)
  32          {
  33   1        _74HC595_WriteByte(Data);           //点阵led灯1为亮，0为灭
  34   1        Lattic =~(0x80>>Column);
  35   1        Delay(1);
  36   1        Lattic=0xFF;
  37   1      }
  38          
  39          void main()
  40          {
  41   1        SCK=0;
  42   1        RCK=0;
  43   1        while(1)
  44   1        {
  45   2        
  46   2          MatrixLED_ShowColumn(0,0x3C);
  47   2          MatrixLED_ShowColumn(1,0x42);
  48   2          MatrixLED_ShowColumn(2,0xA9);
  49   2          MatrixLED_ShowColumn(3,0x85);
  50   2          MatrixLED_ShowColumn(4,0x85);
  51   2          MatrixLED_ShowColumn(5,0xA9);
  52   2          MatrixLED_ShowColumn(6,0x42);
  53   2          MatrixLED_ShowColumn(7,0x3C);
  54   2        }
C51 COMPILER V9.54   MAIN                                                                  04/17/2022 21:19:00 PAGE 2   

  55   1      }
  56          


MODULE INFORMATION:   STATIC OVERLAYABLE
   CODE SIZE        =    157    ----
   CONSTANT SIZE    =   ----    ----
   XDATA SIZE       =   ----    ----
   PDATA SIZE       =   ----    ----
   DATA SIZE        =   ----    ----
   IDATA SIZE       =   ----    ----
   BIT SIZE         =   ----    ----
END OF MODULE INFORMATION.


C51 COMPILATION COMPLETE.  0 WARNING(S),  0 ERROR(S)
