C51 COMPILER V9.54   MAIN                                                                  04/16/2022 15:05:09 PAGE 1   


C51 COMPILER V9.54, COMPILATION OF MODULE MAIN
OBJECT MODULE PLACED IN .\Objects\main.obj
COMPILER INVOKED BY: C:\Keil_v5\C51\BIN\C51.EXE main.c OPTIMIZE(8,SPEED) BROWSE DEBUG OBJECTEXTEND PRINT(.\Listings\main
                    -.lst) TABS(2) OBJECT(.\Objects\main.obj)

line level    source

   1          #include <reg52.h>
   2          #include "Delay.h"
   3          #include "LCD1602.h"
   4          #include "XPT2046.h"
   5          
   6          unsigned int ADValue;
   7          
   8          void main(void)
   9          {
  10   1        LCD_Init();
  11   1        LCD_ShowString(1,1,"ADJ  NTC  GR");
  12   1        while(1)
  13   1        {
  14   2          ADValue=XPT2046_ReadAD(XPT2046_XP);   //读取AIN0，可调电阻
  15   2          LCD_ShowNum(2,1,ADValue,3);       //显示AIN0
  16   2          ADValue=XPT2046_ReadAD(XPT2046_YP);   //读取AIN1，热敏电阻
  17   2          LCD_ShowNum(2,6,ADValue,3);       //显示AIN1
  18   2          ADValue=XPT2046_ReadAD(XPT2046_VBAT); //读取AIN2，光敏电阻
  19   2          LCD_ShowNum(2,11,ADValue,3);      //显示AIN2
  20   2          Delay(100);
  21   2        }
  22   1      }


MODULE INFORMATION:   STATIC OVERLAYABLE
   CODE SIZE        =     94    ----
   CONSTANT SIZE    =     13    ----
   XDATA SIZE       =   ----    ----
   PDATA SIZE       =   ----    ----
   DATA SIZE        =      2    ----
   IDATA SIZE       =   ----    ----
   BIT SIZE         =   ----    ----
END OF MODULE INFORMATION.


C51 COMPILATION COMPLETE.  0 WARNING(S),  0 ERROR(S)
