C51 COMPILER V9.54   MAIN                                                                  04/18/2022 22:18:33 PAGE 1   


C51 COMPILER V9.54, COMPILATION OF MODULE MAIN
OBJECT MODULE PLACED IN .\Objects\main.obj
COMPILER INVOKED BY: C:\Keil_v5\C51\BIN\C51.EXE main.c OPTIMIZE(8,SPEED) BROWSE DEBUG OBJECTEXTEND PRINT(.\Listings\main
                    -.lst) TABS(2) OBJECT(.\Objects\main.obj)

line level    source

   1          #include <reg52.h>
   2          #include "Delay.h"
   3          #include "UART.h"
   4          #define led P2
   5          
   6          void main()
   7          {
   8   1        UART_Init();    //串口初始化
   9   1        while(1)
  10   1        {
  11   2          
  12   2        }
  13   1      }
  14          
  15          void UART_Routine() interrupt 4
  16          {
  17   1        if(RI==1)         //如果接收标志位为1，接收到了数据
  18   1        {
  19   2          //LSA=0,LSB=0,LSC=0;
  20   2          led=SBUF;       //读取数据，取反后输出到LED
  21   2          UART_SendByte(led); //将受到的数据发回串口
  22   2          RI=0;         //接收标志位清0
  23   2        }
  24   1      }


MODULE INFORMATION:   STATIC OVERLAYABLE
   CODE SIZE        =     74    ----
   CONSTANT SIZE    =   ----    ----
   XDATA SIZE       =   ----    ----
   PDATA SIZE       =   ----    ----
   DATA SIZE        =   ----    ----
   IDATA SIZE       =   ----    ----
   BIT SIZE         =   ----    ----
END OF MODULE INFORMATION.


C51 COMPILATION COMPLETE.  0 WARNING(S),  0 ERROR(S)
