C51 COMPILER V9.54   CAR                                                                   05/09/2022 09:42:42 PAGE 1   


C51 COMPILER V9.54, COMPILATION OF MODULE CAR
OBJECT MODULE PLACED IN .\Objects\car.obj
COMPILER INVOKED BY: D:\MDK\C51\BIN\C51.EXE car.c OPTIMIZE(8,SPEED) BROWSE DEBUG OBJECTEXTEND PRINT(.\Listings\car.lst) 
                    -TABS(2) OBJECT(.\Objects\car.obj)

line level    source

   1          #include<reg52.h>
   2          #include"delay.h"
   3          #include"smg.h"
   4          #include"key.h"
   5          #include"time0.h"
   6          #include"IR.h"
   7          
   8          
   9          sbit p17=P1^7;     //两个电机
  10          sbit p16=P1^6;     
  11          sbit p15=P1^5;
  12          sbit p14=P1^4;
  13          
  14          
  15          unsigned int t,Speed,Command;
  16          unsigned char Compare;
  17          int main()
  18          {    
  19   1        
  20   1          IR_Init();
  21   1         Timer1Init();
  22   1        while(1)
  23   1          {     
  24   2                if(IR_GetDataFlag())  //如果收到数据帧
  25   2              {
  26   3                Command=IR_GetCommand();    //获取遥控器命令码
  27   3                
  28   3                if(Command==IR_0){Speed=0;}   //根据遥控器命令码设置速度
  29   3                if(Command==IR_1){Speed=1;}
  30   3                if(Command==IR_2){Speed=2;}
  31   3                if(Command==IR_3){Speed=3;}
  32   3                
  33   3                if(Speed==0){Compare=0;}  //速度输出
  34   3                if(Speed==1){Compare=30;}
  35   3                if(Speed==2){Compare=70;}
  36   3                if(Speed==3){Compare=100;}
  37   3              }
  38   2          Nixie(7,Speed);           //数码管显示速度
  39   2              
  40   2      //      p23 = 0;        //左轮正转 
  41   2      //      p22 = 1;
  42   2      //      p23 = 1;        //反转 
  43   2      //      p22 = 0; 
  44   2      //      p23 = 0;         //停止
  45   2      //      p22 = 0;
  46   2      //      p21 = 1;         //右轮正转
  47   2      //      p20 = 0;
  48   2      //      p21 = 0;         //反转
  49   2      //      p20 = 1;   
  50   2      //      p21 = 0;         //停止
  51   2      //      p20 = 0;
  52   2         }
  53   1       }
  54          
C51 COMPILER V9.54   CAR                                                                   05/09/2022 09:42:42 PAGE 2   

  55          
  56          
  57          
  58          
  59          void Timer0() interrupt 3
  60          {
  61   1        static unsigned int i;
  62   1        TH1=0xff;           
  63   1        TL1=0xa4;  
  64   1        i++;
  65   1        i%=100;
  66   1        if(i<Compare)
  67   1        {
  68   2          
  69   2          p17 = 1;        //反转 
  70   2          p16 = 0;   
  71   2          p15 = 0;         //反转
  72   2          p14 = 1;
  73   2        }
  74   1        else
  75   1        {
  76   2          p17 = 0;         //停止
  77   2          p16 = 0;
  78   2          p15 = 0;         
  79   2          p14 = 0;
  80   2        }
  81   1      }


MODULE INFORMATION:   STATIC OVERLAYABLE
   CODE SIZE        =    216    ----
   CONSTANT SIZE    =   ----    ----
   XDATA SIZE       =   ----    ----
   PDATA SIZE       =   ----    ----
   DATA SIZE        =      9    ----
   IDATA SIZE       =   ----    ----
   BIT SIZE         =   ----    ----
END OF MODULE INFORMATION.


C51 COMPILATION COMPLETE.  0 WARNING(S),  0 ERROR(S)
