C51 COMPILER V9.54   SMG                                                                   05/09/2022 09:32:03 PAGE 1   


C51 COMPILER V9.54, COMPILATION OF MODULE SMG
OBJECT MODULE PLACED IN .\Objects\smg.obj
COMPILER INVOKED BY: D:\MDK\C51\BIN\C51.EXE smg.c OPTIMIZE(8,SPEED) BROWSE DEBUG OBJECTEXTEND PRINT(.\Listings\smg.lst) 
                    -TABS(2) OBJECT(.\Objects\smg.obj)

line level    source

   1          #include<reg52.h>
   2          #include "delay.h"
   3          #define led P0
   4          sbit P24=P2^4;
   5          sbit P23=P2^3;
   6          sbit P22=P2^2;
   7          
   8          //数码管段码表
   9          unsigned char NixieTable[]={0x3F,0x06,0x5B,0x4F,0x66,0x6D,0x7D,0x07,0x7F,0x6F};
  10          
  11          /**
  12            * @brief  数码管显示
  13            * @param  Location 要显示的位置，范围：1~8
  14            * @param  Number 要显示的数字，范围：段码表索引范围
  15            * @retval 无
  16            */
  17          void Nixie(unsigned char Location,Number)
  18          {
  19   1        switch(Location)    //位码输出
  20   1        {
  21   2          case 1:P24=1;P23=1;P22=1;break;
  22   2          case 2:P24=1;P23=1;P22=0;break;
  23   2          case 3:P24=1;P23=0;P22=1;break;
  24   2          case 4:P24=1;P23=0;P22=0;break;
  25   2          case 5:P24=0;P23=1;P22=1;break;
  26   2          case 6:P24=0;P23=1;P22=0;break;
  27   2          case 7:P24=0;P23=0;P22=1;break;
  28   2          case 8:P24=0;P23=0;P22=0;break;
  29   2        }
  30   1        P0=NixieTable[Number];  //段码输出
  31   1        delay(1);       //显示一段时间
  32   1        led=0x00;       //段码清0，消影
  33   1      }


MODULE INFORMATION:   STATIC OVERLAYABLE
   CODE SIZE        =    109    ----
   CONSTANT SIZE    =   ----    ----
   XDATA SIZE       =   ----    ----
   PDATA SIZE       =   ----    ----
   DATA SIZE        =     10    ----
   IDATA SIZE       =   ----    ----
   BIT SIZE         =   ----    ----
END OF MODULE INFORMATION.


C51 COMPILATION COMPLETE.  0 WARNING(S),  0 ERROR(S)
