C51 COMPILER V9.54   TIMER0                                                                05/09/2022 09:32:03 PAGE 1   


C51 COMPILER V9.54, COMPILATION OF MODULE TIMER0
OBJECT MODULE PLACED IN .\Objects\Timer0.obj
COMPILER INVOKED BY: D:\MDK\C51\BIN\C51.EXE Timer0.c OPTIMIZE(8,SPEED) BROWSE DEBUG OBJECTEXTEND PRINT(.\Listings\Timer0
                    -.lst) TABS(2) OBJECT(.\Objects\Timer0.obj)

line level    source

   1          
   2          #include <reg52.h>
   3          
   4          /**
   5            * @brief  定时器0初始化
   6            * @param  无
   7            * @retval 无
   8            */
   9          void Timer0_Init(void)
  10          {
  11   1        TMOD &= 0xF0;   //设置定时器模式
  12   1        TMOD |= 0x01;   //设置定时器模式
  13   1        TL0 = 0;    //设置定时初值
  14   1        TH0 = 0;    //设置定时初值
  15   1        TF0 = 0;    //清除TF0标志
  16   1        TR0 = 0;    //定时器0不计时
  17   1      }
  18          
  19          /**
  20            * @brief  定时器0设置计数器值
  21            * @param  Value，要设置的计数器值，范围：0~65535
  22            * @retval 无
  23            */
  24          void Timer0_SetCounter(unsigned int Value)
  25          {
  26   1        TH0=Value/256;
  27   1        TL0=Value%256;
  28   1      }
  29          
  30          /**
  31            * @brief  定时器0获取计数器值
  32            * @param  无
  33            * @retval 计数器值，范围：0~65535
  34            */
  35          unsigned int Timer0_GetCounter(void)
  36          {
  37   1        return (TH0<<8)|TL0;
  38   1      }
  39          
  40          /**
  41            * @brief  定时器0启动停止控制
  42            * @param  Flag 启动停止标志，1为启动，0为停止
  43            * @retval 无
  44            */
  45          void Timer0_Run(unsigned char Flag)
  46          {
  47   1        TR0=Flag;
  48   1      }


MODULE INFORMATION:   STATIC OVERLAYABLE
   CODE SIZE        =     42    ----
   CONSTANT SIZE    =   ----    ----
   XDATA SIZE       =   ----    ----
C51 COMPILER V9.54   TIMER0                                                                05/09/2022 09:32:03 PAGE 2   

   PDATA SIZE       =   ----    ----
   DATA SIZE        =   ----    ----
   IDATA SIZE       =   ----    ----
   BIT SIZE         =   ----    ----
END OF MODULE INFORMATION.


C51 COMPILATION COMPLETE.  0 WARNING(S),  0 ERROR(S)
