C51 COMPILER V9.54   TIME0                                                                 05/09/2022 09:32:03 PAGE 1   


C51 COMPILER V9.54, COMPILATION OF MODULE TIME0
OBJECT MODULE PLACED IN .\Objects\time0.obj
COMPILER INVOKED BY: D:\MDK\C51\BIN\C51.EXE time0.c OPTIMIZE(8,SPEED) BROWSE DEBUG OBJECTEXTEND PRINT(.\Listings\time0.l
                    -st) TABS(2) OBJECT(.\Objects\time0.obj)

line level    source

   1          #include<reg52.h>
   2          
   3          void Timer1Init()   //100微秒@11.0592MHz
   4          {
   5   1        
   6   1        TMOD &= 0xF0;   //设置定时器模式
   7   1        TMOD |= 0x01;   //设置定时器模式
   8   1        TL1 = 0xA4;   //设置定时初值
   9   1        TH1 = 0xFF;   //设置定时初值
  10   1        TF1 = 0;    //清除TF0标志
  11   1        TR1 = 1;    //定时器0开始计时
  12   1        ET1=1;
  13   1        EA=1;
  14   1        PT1=0;
  15   1      
  16   1      }


MODULE INFORMATION:   STATIC OVERLAYABLE
   CODE SIZE        =     23    ----
   CONSTANT SIZE    =   ----    ----
   XDATA SIZE       =   ----    ----
   PDATA SIZE       =   ----    ----
   DATA SIZE        =   ----    ----
   IDATA SIZE       =   ----    ----
   BIT SIZE         =   ----    ----
END OF MODULE INFORMATION.


C51 COMPILATION COMPLETE.  0 WARNING(S),  0 ERROR(S)
