C51 COMPILER V9.54   UART                                                                  04/07/2022 19:33:42 PAGE 1   


C51 COMPILER V9.54, COMPILATION OF MODULE UART
OBJECT MODULE PLACED IN .\Objects\UART.obj
COMPILER INVOKED BY: C:\Keil_v5\C51\BIN\C51.EXE UART.c OPTIMIZE(8,SPEED) BROWSE DEBUG OBJECTEXTEND PRINT(.\Listings\UART
                    -.lst) TABS(2) OBJECT(.\Objects\UART.obj)

line level    source

   1            //运用定时器1的模式二 自动重装式
   2            //SCON的方式一
   3          #include <reg52.h>
   4          
   5          /**
   6            * @brief  串口初始化，4800bps@12.000MHz
   7            * @param  无
   8            * @retval 无
   9            */
  10          void UART_Init()
  11          {
  12   1        SCON=0x40;      
  13   1                            //   B7     B6     B5     B4     B3     B2     B1     B0
  14   1                            // SM0/FE   SM1    SM2    REN    TB8    RB8    TI     RI
  15   1        
  16   1        PCON |= 0x80;
  17   1                            //   B7     B6     B5     B4     B3     B2     B1     B0
  18   1                            //  SMOD   SMOD0   --     POF   GF1    GF0     PD     IDL
  19   1        
  20   1        TMOD &= 0x0F;   //设置定时器模式
  21   1        TMOD |= 0x20; 
  22   1                              //GATE   C/T'  M1  M0  GATE   C/T'  M1  M0
  23   1        
  24   1                   //TCOD:
  25   1                            //   B7     B6     B5     B4     B3     B2     B1     B0
  26   1                            //   TF1    TR1    TF0    TR0    IE1    IT1    IE0    IT0
  27   1                            
  28   1        TL1 = 0xF4;   //设定定时初值
  29   1        TH1 = 0xF4;   //设定定时器重装值
  30   1        ET1 = 0;    //禁止定时器1中断
  31   1        TR1 = 1;    //启动定时器1
  32   1      }
  33                 
  34          /**
  35            * @brief  串口发送一个字节数据
  36            * @param  Byte 要发送的一个字节数据
  37            * @retval 无
  38            */
  39          void UART_SendByte(unsigned char Byte)
  40          {
  41   1        SBUF=Byte;     //就启动串行通信的发送
  42   1        while(TI==0);       // TI:发送中断请求标志位  需软件复位
  43   1        TI=0;               // RI:接受中断请求标志位  需软件复位
  44   1      }
  45          
  46          


MODULE INFORMATION:   STATIC OVERLAYABLE
   CODE SIZE        =     31    ----
   CONSTANT SIZE    =   ----    ----
   XDATA SIZE       =   ----    ----
   PDATA SIZE       =   ----    ----
   DATA SIZE        =   ----    ----
C51 COMPILER V9.54   UART                                                                  04/07/2022 19:33:42 PAGE 2   

   IDATA SIZE       =   ----    ----
   BIT SIZE         =   ----    ----
END OF MODULE INFORMATION.


C51 COMPILATION COMPLETE.  0 WARNING(S),  0 ERROR(S)
