C51 COMPILER V9.54   CONFIGTIMER1_INTERRUPT                                                03/31/2022 21:09:25 PAGE 1   


C51 COMPILER V9.54, COMPILATION OF MODULE CONFIGTIMER1_INTERRUPT
OBJECT MODULE PLACED IN .\Objects\configtimer1 interrupt.obj
COMPILER INVOKED BY: C:\Keil_v5\C51\BIN\C51.EXE configtimer1 interrupt.c OPTIMIZE(8,SPEED) BROWSE DEBUG OBJECTEXTEND PRI
                    -NT(.\Listings\configtimer1 interrupt.lst) TABS(2) OBJECT(.\Objects\configtimer1 interrupt.obj)

line level    source

   1          // T1 定时控制 数码管依次显示0-F
   2           
   3          #include<reg52.h>    
   4          #define dig P0
   5          typedef unsigned int u16;   
   6          typedef unsigned char u8;
   7          unsigned char T1RH,T1RL;
   8          
   9          sbit LSA=P2^2;
  10          sbit LSB=P2^3;
  11          sbit LSC=P2^4;
  12           
  13          u8 code smgduan[17]={0x3f,0x06,0x5b,0x4f,0x66,0x6d,0x7d,0x07,
  14                    0x7f,0x6f,0x77,0x7c,0x39,0x5e,0x79,0x71};//??0~F??
  15          u8 n=0;
  16          
  17          void Timer1Init(u8 ms)  
  18          {
  19   1        unsigned long tmp;
  20   1        tmp=11059200/12;
  21   1        tmp=(tmp*ms)/1000;
  22   1        tmp=65536-tmp;                 //初值
  23   1        T1RH=(unsigned char)(tmp>>8);
  24   1        T1RL=(unsigned char)(tmp);
  25   1        
  26   1        TMOD &=0x0f;       //防止影响定时器T0的低四位
  27   1        TMOD |=0x10;
  28   1        TH1=T1RH;           //设置定时时间
  29   1        TL1=T1RL;                   
  30   1       
  31   1        ET1=1;       //打开T1中断允许位
  32   1        EA=1;        //打开总中断允许位开关
  33   1        TR1=1;       //启动定时器1
  34   1      }
  35           
  36          
  37          void main()
  38          { 
  39   1        Timer1Init(1);
  40   1        while(1);   
  41   1      }
  42           
  43          
  44          void Timer1() interrupt 3
  45          {
  46   1        static u16 i;
  47   1        TH1=T1RH;           //重新赋值定时时间
  48   1        TL1=T1RL; 
  49   1        i++;
  50   1        if(i==1000)        //1ms x 1000 =1s
  51   1        {
  52   2          i=0;
  53   2          LSA=0;LSB=0;LSC=0;
  54   2          dig=smgduan[n++];
C51 COMPILER V9.54   CONFIGTIMER1_INTERRUPT                                                03/31/2022 21:09:25 PAGE 2   

  55   2          if(n==16)n=0; 
  56   2        } 
  57   1      }


MODULE INFORMATION:   STATIC OVERLAYABLE
   CODE SIZE        =    187    ----
   CONSTANT SIZE    =     17    ----
   XDATA SIZE       =   ----    ----
   PDATA SIZE       =   ----    ----
   DATA SIZE        =      5       4
   IDATA SIZE       =   ----    ----
   BIT SIZE         =   ----    ----
END OF MODULE INFORMATION.


C51 COMPILATION COMPLETE.  0 WARNING(S),  0 ERROR(S)
