C51 COMPILER V9.54   T                                                                     04/16/2022 18:55:00 PAGE 1   


C51 COMPILER V9.54, COMPILATION OF MODULE T
OBJECT MODULE PLACED IN .\Objects\T.obj
COMPILER INVOKED BY: C:\Keil_v5\C51\BIN\C51.EXE T.c OPTIMIZE(8,SPEED) BROWSE DEBUG OBJECTEXTEND PRINT(.\Listings\T.lst) 
                    -TABS(2) OBJECT(.\Objects\T.obj)

line level    source

   1          #include <reg52.h>
   2          #include "LCD1602.h"
   3          #include "DS18B20.h"
   4          #include "Delay.h"
   5          
   6          sbit beep=P2^5;
   7          float T,TShow;
   8          char TLow,THigh;
   9          unsigned char KeyNum;
  10          
  11          void main()
  12          {
  13   1        DS18B20_ConvertT();   //上电先转换一次温度，防止第一次读数据错误
  14   1        Delay(1000);      //等待转换完成
  15   1      
  16   1          THigh=30;     
  17   1          TLow=15;
  18   1      
  19   1        LCD_Init();
  20   1        LCD_ShowString(1,1,"T:");
  21   1        LCD_ShowString(2,1,"TH:");
  22   1        LCD_ShowString(2,9,"TL:");
  23   1        LCD_ShowSignedNum(2,4,THigh,3);
  24   1        LCD_ShowSignedNum(2,12,TLow,3);
  25   1        
  26   1        while(1)
  27   1        {
  28   2          
  29   2          
  30   2          /*温度读取及显示*/
  31   2          DS18B20_ConvertT(); //转换温度
  32   2          T=DS18B20_ReadT();  //读取温度
  33   2          if(T<0)       //如果温度小于0
  34   2          {
  35   3            LCD_ShowChar(1,3,'-');  //显示负号
  36   3            TShow=-T;   //将温度变为正数
  37   3          }
  38   2          else      //如果温度大于等于0
  39   2          {
  40   3            LCD_ShowChar(1,3,'+');  //显示正号
  41   3            TShow=T;
  42   3          }
  43   2        
  44   2          LCD_ShowNum(1,4,TShow,3);   //显示温度整数部分
  45   2          LCD_ShowChar(1,7,'.');    //显示小数点
  46   2          LCD_ShowNum(1,8,(unsigned long)(TShow*100)%100,2);//显示温度小数部分  
  47   2        
  48   2          if(T>THigh)     //越界判断
  49   2          {
  50   3            LCD_ShowString(1,13,"OV:H");
  51   3            while(1)
  52   3            {
  53   4              beep=~beep;
  54   4              Delay(1);
C51 COMPILER V9.54   T                                                                     04/16/2022 18:55:00 PAGE 2   

  55   4            }
  56   3          }
  57   2          else if(T<TLow)
  58   2          {
  59   3            LCD_ShowString(1,13,"OV:L");
  60   3          }
  61   2          else
  62   2          {
  63   3            LCD_ShowString(1,13,"    ");
  64   3          }
  65   2        }
  66   1      }


MODULE INFORMATION:   STATIC OVERLAYABLE
   CODE SIZE        =    345    ----
   CONSTANT SIZE    =     26    ----
   XDATA SIZE       =   ----    ----
   PDATA SIZE       =   ----    ----
   DATA SIZE        =     11    ----
   IDATA SIZE       =   ----    ----
   BIT SIZE         =   ----    ----
END OF MODULE INFORMATION.


C51 COMPILATION COMPLETE.  0 WARNING(S),  0 ERROR(S)
