C51 COMPILER V9.54   INTERRUPT_INT0                                                        04/01/2022 10:14:43 PAGE 1   


C51 COMPILER V9.54, COMPILATION OF MODULE INTERRUPT_INT0
OBJECT MODULE PLACED IN .\Objects\interrupt INT0.obj
COMPILER INVOKED BY: C:\Keil_v5\C51\BIN\C51.EXE interrupt INT0.c OPTIMIZE(8,SPEED) BROWSE DEBUG OBJECTEXTEND PRINT(.\Lis
                    -tings\interrupt INT0.lst) TABS(2) OBJECT(.\Objects\interrupt INT0.obj)

line level    source

   1          //按键与INT0引脚相连，按下按键触发外部中断
   2          //每触发一次外部中断计数加1，并将次数显示在数码管上 
   3          // 100次一个循环 100时置零
   4          
   5          
   6          #include<reg52.h>
   7          #include<intrins.h>
   8          #define uchar unsigned char
   9          #define uint unsigned int
  10          #define dig P0
  11            sbit key=P3^2;    //定义外部中断0 负跳变引脚
  12            sbit LSA=P2^2;      //74LS138 定义3个引脚对数码管进行位选
  13            sbit LSB=P2^3;
  14            sbit LSC=P2^4;
  15           
  16          //阴极数码管 段选0-F
  17          uchar code smg[]={0x3f  , 0x06 , 0x5b , 0x4f , 0x66 , 0x6d ,0x7d , 0x07 , 0x7f  , 0x6f , 0x77 , 0x7c ,0x39
             - , 0x5e , 0x79 , 0x71};
  18          
  19          void Delay1ms()   //@11.0592MHz
  20          {
  21   1        unsigned char i, j;
  22   1      
  23   1        _nop_();
  24   1        i = 2;
  25   1        j = 199;
  26   1        do
  27   1        {
  28   2          while (--j);
  29   2        } while (--i);
  30   1      }
  31          
  32          
  33          //初始化外部中断0
  34          void initEx0()
  35          {
  36   1        EA  = 1;   //打开总中断开关
  37   1        EX0 = 1;   //外部中断0允许位
  38   1        IT0 = 1;   //外部中断0负跳变触发
  39   1      }
  40           
  41           
  42          uchar  count1=0,count = 0;    //计数变量
  43           
  44          void main()
  45          {
  46   1        
  47   1        initEx0();
  48   1        while(1)
  49   1          {
  50   2            if(count<10)
  51   2            {
  52   3              if((count1!=0)&&(count1!=10))
  53   3              {
C51 COMPILER V9.54   INTERRUPT_INT0                                                        04/01/2022 10:14:43 PAGE 2   

  54   4                LSA=1,LSB=1,LSC=0;
  55   4                dig=smg[count];        //在数码管上显示中断次数
  56   4                Delay1ms(); dig=0x00;
  57   4                
  58   4                LSA=0,LSB=0,LSC=1;
  59   4                dig=smg[count1];       //在数码管上显示中断次数
  60   4                Delay1ms(); dig=0x00;
  61   4              }
  62   3              else
  63   3              {         
  64   4                LSA=1,LSB=1,LSC=0;
  65   4                dig=smg[count];   //在数码管上显示中断次数
  66   4                Delay1ms(); dig=0x00;
  67   4              }
  68   3            }
  69   2            if((count>9)&&(count<100))
  70   2            {
  71   3              count1=count1+count/10;
  72   3              count  %=10;
  73   3              LSA=1,LSB=1,LSC=0;
  74   3              dig=smg[count];        //在数码管上显示中断次数
  75   3              Delay1ms(); dig=0x00;
  76   3              
  77   3              LSA=0,LSB=0,LSC=1;
  78   3              dig=smg[count1];       //在数码管上显示中断次数
  79   3              Delay1ms(); dig=0x00;
  80   3            }
  81   2          }
  82   1      }
  83           
  84             void ex0_intr() interrupt 0 
  85            { 
  86   1          Delay1ms();   //消抖
  87   1          if(key==0)
  88   1          {
  89   2            count=count+1;   //每进入一次中断 次数+1
  90   2          }
  91   1          if((count1==10)|(count==100))
  92   1          {
  93   2            count1=0;
  94   2            count=0;
  95   2          }
  96   1        }


MODULE INFORMATION:   STATIC OVERLAYABLE
   CODE SIZE        =    203    ----
   CONSTANT SIZE    =     16    ----
   XDATA SIZE       =   ----    ----
   PDATA SIZE       =   ----    ----
   DATA SIZE        =      2    ----
   IDATA SIZE       =   ----    ----
   BIT SIZE         =   ----    ----
END OF MODULE INFORMATION.


C51 COMPILATION COMPLETE.  0 WARNING(S),  0 ERROR(S)
