C51 COMPILER V9.54   NIHONGDENG                                                            05/30/2022 10:08:21 PAGE 1   


C51 COMPILER V9.54, COMPILATION OF MODULE NIHONGDENG
OBJECT MODULE PLACED IN .\Objects\nihongdeng.obj
COMPILER INVOKED BY: D:\MDK\C51\BIN\C51.EXE nihongdeng.c OPTIMIZE(8,SPEED) BROWSE DEBUG OBJECTEXTEND PRINT(.\Listings\ni
                    -hongdeng.lst) TABS(2) OBJECT(.\Objects\nihongdeng.obj)

line level    source

   1          #include<reg52.h>
   2          
   3          #define led P1
   4          
   5          void Timer0_Init(void)
   6          {
   7   1        TMOD &= 0xF0;   //设置定时器模式
   8   1        TMOD |= 0x01;   //设置定时器模式
   9   1        TL0 = 0x9C;   //设置定时初值
  10   1        TH0 = 0xFF;   //设置定时初值
  11   1        TF0 = 0;    //清除TF0标志
  12   1        TR0 = 1;    //定时器0开始计时
  13   1        ET0=1;
  14   1        EA=1;
  15   1        PT0=0;
  16   1      }
  17          
  18          void delay(unsigned int i)
  19          {
  20   1        while(i--);
  21   1      }
  22          
  23          unsigned char Counter,Compare;  //计数值和比较值，用于输出PWM
  24          
  25          void main()
  26          {
  27   1      
  28   1        Timer0_Init();
  29   1        Compare=50;
  30   1        while(1)
  31   1        {
  32   2          for(Compare=100;Compare>0;Compare--)
  33   2          {
  34   3              
  35   3          }
  36   2          for(Compare=0;Compare<100;Compare++)
  37   2          {
  38   3              
  39   3          }
  40   2      }
  41   1        }
  42            unsigned char i;
  43          void Timer0_Routine() interrupt 1
  44          {
  45   1        TL0 = 0x9C;   //设置定时初值
  46   1        TH0 = 0xFF;   //设置定时初值
  47   1        Counter++;
  48   1        Counter%=100; //计数值变化范围限制在0~99
  49   1        for(i=0;i<8;i++)
  50   1        {
  51   2        if(Counter<Compare) //计数值小于比较值
  52   2        {
  53   3          led=~(0x01>>i);   //输出1
  54   3        }
C51 COMPILER V9.54   NIHONGDENG                                                            05/30/2022 10:08:21 PAGE 2   

  55   2        else        //计数值大于比较值
  56   2        {
  57   3          led=0;    //输出0
  58   3        }
  59   2        }
  60   1      }


MODULE INFORMATION:   STATIC OVERLAYABLE
   CODE SIZE        =    139    ----
   CONSTANT SIZE    =   ----    ----
   XDATA SIZE       =   ----    ----
   PDATA SIZE       =   ----    ----
   DATA SIZE        =      3    ----
   IDATA SIZE       =   ----    ----
   BIT SIZE         =   ----    ----
END OF MODULE INFORMATION.


C51 COMPILATION COMPLETE.  0 WARNING(S),  0 ERROR(S)
