C51 COMPILER V9.54   0213                                                                  03/31/2022 14:21:30 PAGE 1   


C51 COMPILER V9.54, COMPILATION OF MODULE 0213
OBJECT MODULE PLACED IN .\Objects\0213.obj
COMPILER INVOKED BY: C:\Keil_v5\C51\BIN\C51.EXE 0213.c OPTIMIZE(8,SPEED) BROWSE DEBUG OBJECTEXTEND PRINT(.\Listings\0213
                    -.lst) TABS(2) OBJECT(.\Objects\0213.obj)

line level    source

   1          #include<reg52.h>
   2          sbit led0=P2^0;
   3          void main()
   4          {
   5   1        unsigned int cnt=0;
   6   1        TMOD &=0xf0;
   7   1        TMOD |=0x01;  //设置特殊功能寄存器TMOD，配置好工作模式
   8   1        TH0=0xfc;    //设置定时时间
   9   1        TL0=0x6e;
  10   1        TR0=1;        //启动打开定时器
  11   1        
  12   1        while(1)
  13   1        {
  14   2          if(TF0==1)
  15   2          {
  16   3            TF0=0;      //软件清零
  17   3            TH0=0xfc;   //重新赋值
  18   3            TL0=0x6e;
  19   3            cnt++;
  20   3            if(cnt>=500)
  21   3            {
  22   4              cnt=0;
  23   4              led0=~led0;
  24   4            }
  25   3          }
  26   2        }
  27   1      }


MODULE INFORMATION:   STATIC OVERLAYABLE
   CODE SIZE        =     49    ----
   CONSTANT SIZE    =   ----    ----
   XDATA SIZE       =   ----    ----
   PDATA SIZE       =   ----    ----
   DATA SIZE        =   ----    ----
   IDATA SIZE       =   ----    ----
   BIT SIZE         =   ----    ----
END OF MODULE INFORMATION.


C51 COMPILATION COMPLETE.  0 WARNING(S),  0 ERROR(S)
