C51 COMPILER V9.54   CONFIGTIMER0MODE2                                                     03/31/2022 15:56:36 PAGE 1   


C51 COMPILER V9.54, COMPILATION OF MODULE CONFIGTIMER0MODE2
OBJECT MODULE PLACED IN .\Objects\ConfigTimer0Mode2.obj
COMPILER INVOKED BY: C:\Keil_v5\C51\BIN\C51.EXE ConfigTimer0Mode2.c OPTIMIZE(8,SPEED) BROWSE DEBUG OBJECTEXTEND PRINT(.\
                    -Listings\ConfigTimer0Mode2.lst) TABS(2) OBJECT(.\Objects\ConfigTimer0Mode2.obj)

line level    source

   1          // T0 定时控制led灯状态翻转
   2          
   3          #include<reg52.h>       
   4                                   //Mode2 自动重装载  TL0 8bit
   5          sbit led=P2^0;
   6          
   7          void ConfigTime0Mode2(unsigned char us)     //1<=us<=268us 微妙
   8          {
   9   1        unsigned long tmp;
  10   1        if(us>267)
  11   1          us=267;
  12   1        tmp=11059200/12;
  13   1        tmp=(tmp*us)/1000000;
  14   1        tmp=256-tmp;
  15   1        TL0=tmp;          //TL0增到0xff后溢出 TH0自动补上
  16   1        TH0=tmp;
  17   1        
  18   1        TMOD &=0xf0;       //防止工作时影响定时器T1的高四位
  19   1        TMOD |=0x02;
  20   1        TR0=1;            //启动定时器T0
  21   1      }
  22          
  23          void main()
  24          {
  25   1        unsigned int cnt;
  26   1        ConfigTime0Mode2(200);      //设定200us 微妙
  27   1        while(1)
  28   1        {
  29   2          if(TF0==1)        //溢出
  30   2          {
  31   3            cnt++;
  32   3            if(cnt>=5000)           //5000*200=1000000us=1s  
  33   3            {
  34   4              cnt=0;
  35   4              led=~led; 
  36   4            }
  37   3            TF0=0;                   //软件清零
  38   3          }
  39   2        }
  40   1      }


MODULE INFORMATION:   STATIC OVERLAYABLE
   CODE SIZE        =    135    ----
   CONSTANT SIZE    =   ----    ----
   XDATA SIZE       =   ----    ----
   PDATA SIZE       =   ----    ----
   DATA SIZE        =   ----       6
   IDATA SIZE       =   ----    ----
   BIT SIZE         =   ----    ----
END OF MODULE INFORMATION.


C51 COMPILATION COMPLETE.  0 WARNING(S),  0 ERROR(S)
