C51 COMPILER V9.54   PROJECT                                                               05/30/2022 17:14:29 PAGE 1   


C51 COMPILER V9.54, COMPILATION OF MODULE PROJECT
OBJECT MODULE PLACED IN .\Objects\project.obj
COMPILER INVOKED BY: D:\MDK\C51\BIN\C51.EXE project.c OPTIMIZE(8,SPEED) BROWSE DEBUG OBJECTEXTEND PRINT(.\Listings\proje
                    -ct.lst) TABS(2) OBJECT(.\Objects\project.obj)

line level    source

   1          #include <REG52.H>    
   2          #include <INTRINS.H>   
   3          sbit speaker=P3^6; 
   4          unsigned char timer0h,timer0l,time=1;
   5          // 孤勇者，3分30秒，原唱4分16秒
   6          code unsigned char gyz[]={
   7          //122,27,121,26,122,27,121,26,122,27,121,26,120,
   8          //// 音高（低音0，中音1，高音2），音长（节拍），音调（do,le,mi,fa,so,la,si）
   9          //143,140,110,111,112,111,143,130,111,112,111,112,113,36,111,36,111,36,111,122,121,47,140,
  10          ////都，是勇敢的，你额头的伤口你的不同你犯的错
  11          //143,140,111,112,111,143,140,111,112,111,112,113,36,111,36,111,36,111,123,122,47,140,
  12          ////都，不必隐藏，你破旧的玩偶你的面具你的自我
  13          //16,111,136,116,116,115,126,116,115,116,115,116,115,143,140,16,111,136,116,116,115,116,115,137,117,117,11
             -6,127,126,143,
  14          ////他们说要带着光驯服每一头怪兽，他们说要缝好你的伤没有人爱小丑
  15          //120,113,115,113,132,113,132,113,132,113,115,113,115,113,132,113,132,113,142,120,111,112,123,26,121,123,1
             -32,113,112,121,46,140,
  16          ////为何孤独不可光荣，人只有不完美值得歌颂，谁说污泥满身的不算英雄
  17          116,117,211,212,117,211,221,211,117,211,212,117,211,221,211,212,213,212,213,212,223,213,212,223,225,223,
  18          //爱你孤身走暗巷，爱你不跪的模样，爱你对峙过绝望，不肯哭一场，
  19          116,117,211,212,117,211,221,211,117,211,212,117,211,221,211,212,213,212,213,212,223,213,212,223,225,223,22
             -5,
  20          //爱你破烂的衣裳却敢堵命运的枪，爱你和我那么像缺口都一样
  21          233,215,233,215,213,215,216,213,225,225,233,215,233,215,
  22          //去吗，配吗，这褴褛的披风，战吗，战啊，
  23          213,215,216,213,225,215,215,213,222,222,211,223,232,222,221,146,140,215,215,213,222,222,211,233,222,222,22
             -1,146,140,140,
  24          //以最卑微的梦，致那黑夜中的呜咽与怒吼(hou)，谁说站在光里的才算英雄
  25          116,115,136,115,116,115,116,115,126,116,115,116,115,116,115,143,140,116,115,136,115,116,115,116,115,137,11
             -7,117,116,117,116,143,140,
  26          //他们说要戒了你的狂就像擦掉了污垢(gou)，他们说要拾台阶而上而代价是低头
  27          113,115,113,132,113,132,113,132,113,115,113,115,113,132,113,132,113,142,120,111,112,123,126,221,223,232,21
             -3,212,231,166,120,
  28          //那就让我不可乘风，你一样骄傲着那种孤勇，谁说对弈平凡的不算英雄
  29          
  30          116,117,211,212,117,211,221,211,117,211,212,117,211,221,211,212,213,212,213,212,223,213,212,223,225,223,
  31          //爱你孤身走暗巷，爱你不跪的模样，爱你对峙过绝望，不肯哭一场，
  32          116,117,211,212,117,211,221,211,117,211,212,117,211,221,211,212,213,212,213,212,223,213,212,223,225,223,22
             -5,
  33          //爱你破烂的衣裳却敢堵命运的枪，爱你和我那么像缺口都一样
  34          233,215,233,215,213,215,216,213,225,225,233,215,233,215,
  35          //去吗，配吗，这褴褛的披风，战吗，战啊，
  36          213,215,216,213,225,215,215,213,222,222,211,223,232,222,221,146,140,215,215,213,222,222,211,233,222,222,22
             -1,146,140,140,
  37          //以最卑微的梦，致那黑夜中的呜咽与怒吼(hou)，谁说站在光里的才算英雄
  38          
  39          26,121,123,147,127,117,127,186,120,26,121,123,147,127,117,127,186,120,
  40          //你的斑驳与众不同，你的沉默震耳欲聋
  41          
  42          116,117,211,212,117,211,221,211,117,211,212,117,211,221,211,212,213,212,213,212,223,213,212,223,225,223,
  43          //爱你孤身走暗巷，爱你不跪的模样，爱你对峙过绝望，不肯哭一场，
  44          116,117,211,212,117,211,221,211,117,211,212,117,211,221,211,212,213,212,213,212,223,213,212,223,225,223,22
             -5,
  45          //爱你来自于蛮荒，一生不借谁的光，你将造你的城邦，在废墟之上
C51 COMPILER V9.54   PROJECT                                                               05/30/2022 17:14:29 PAGE 2   

  46          233,215,233,215,213,215,216,213,225,225,233,215,233,215,
  47          //去吗，去啊，以最卑微的梦，战吗，战啊，
  48          213,215,216,213,225,215,215,213,222,222,211,223,232,222,221,146,140,215,215,213,222,222,211,233,222,222,22
             -1,146,140,140,
  49          //以最孤高的梦，致那黑夜中的呜咽与怒吼(hou)，谁说站在光里的才算英雄
  50          0 
  51          };
  52          
  53          // 定时时间越短，那么声音频率越高，
  54          code unsigned char FREQH[]={
  55          0xF2,0xF3,0xF5,0xF5,0xF6,0xF7,0xF8,
  56          0xF9,0xF9,0xFA,0xFA,0xFB,0xFB,0xFC,
  57          0xFC,0xFC,0xFD,0xFD,0xFD,0xFD,0xFE,
  58          0xFE,0xFE,0xFE,0xFE,0xFE,0xFE,0xFF,
  59          } ;
  60          code unsigned char FREQL[]={
  61          0x42,0xC1,0x17,0xB6,0xD0,0xD1,0xB6,
  62          0x21,0xE1,0x8C,0xD8,0x68,0xE9,0x5B,
  63          0x8F,0xEE,0x44,0x6B,0xB4,0xF4,0x2D,
  64          0x47,0x77,0xA2,0xB6,0xDA,0xFA,0x16,
  65          };
  66          
  67          //做成对应的频率表，其实前几个很少遇得到，那么这里再缩减的话，
  68          //就除以10，就可以用char类型而不用int类型了，后边计算计时时间的时候再乘10补回
  69          unsigned int  code FreTab[28]  = {
  70          3517,3134,2792,2633,2351,2094,1865,
  71          1758,1566,1395,1319,1175,1046,932 ,
  72          880 ,785 ,699 ,660 ,587 ,523 ,466 ,
  73          440 ,392 ,349 ,329 ,293 ,261 ,233 ,  
  74          };
  75          
  76          void t0int() interrupt 1
  77          {
  78   1        speaker=!speaker;
  79   1        TH0=timer0h;
  80   1        TL0=timer0l;
  81   1      }
  82          
  83          //  节奏的快慢，这里是半个节拍的时间
  84          void delay(unsigned char t)
  85          {
  86   1        unsigned long t2;
  87   1        for(;t>0;t--)
  88   1        {
  89   2          for(t2=0;t2<5000;t2++){;}
  90   2        }
  91   1        TR0=0;// 停止发音 如果屏蔽掉，会出现连音的不正常现象
  92   1      }
  93          /**/
  94          void song()
  95          {
  96   1        unsigned char k=0;
  97   1        unsigned long i=0;  //  由于歌词长度问题，需要设置大一点的范围，否则还没唱完一遍又重新开始了
  98   1        // 这里这样做就只唱一遍，寻到最后的0值时就停止了
  99   1        while(time) 
 100   1        {
 101   2          if(gyz[i]%10==0)   // 音调为0值时停顿处理
 102   2          {
 103   3            TR0=0;    // 停止发音
 104   3          }
 105   2          else
 106   2          {
C51 COMPILER V9.54   PROJECT                                                               05/30/2022 17:14:29 PAGE 3   

 107   3            k=gyz[i]%10+7*(gyz[i]/100+1)-1;
 108   3            timer0h=FREQH[k];       // 这里将K值改成定值，发现实际上并不是按照do,le,mi,fa,so,la,si这样发音
 109   3            timer0l=FREQL[k];
 110   3            //如果用频率表输出的话，就屏蔽上两句，开启下两句
 111   3            //timer0h=(65535-FreTab[k])/256;
 112   3            //timer0l=(65535-FreTab[k])%256;
 113   3            TR0=1;    // 启动T0输出方波去发音
 114   3          }
 115   2          time=gyz[i]/10%10;
 116   2          i=i+1;
 117   2          
 118   2          delay(time);
 119   2        }
 120   1      }
 121          void main(void)
 122          {
 123   1        TMOD=1;   // 设置定时器0为16位计数模式 
 124   1        EA=1;ET0=1; // 开定时器0中断
 125   1        while(1)
 126   1        {
 127   2          song();
 128   2        }
 129   1      }


MODULE INFORMATION:   STATIC OVERLAYABLE
   CODE SIZE        =    217    ----
   CONSTANT SIZE    =    486    ----
   XDATA SIZE       =   ----    ----
   PDATA SIZE       =   ----    ----
   DATA SIZE        =      3      10
   IDATA SIZE       =   ----    ----
   BIT SIZE         =   ----    ----
END OF MODULE INFORMATION.


C51 COMPILATION COMPLETE.  0 WARNING(S),  0 ERROR(S)
