C51 COMPILER V9.54   CONBINATION_KEYS                                                      04/04/2022 18:58:50 PAGE 1   


C51 COMPILER V9.54, COMPILATION OF MODULE CONBINATION_KEYS
OBJECT MODULE PLACED IN .\Objects\conbination keys.obj
COMPILER INVOKED BY: C:\Keil_v5\C51\BIN\C51.EXE conbination keys.c OPTIMIZE(8,SPEED) BROWSE DEBUG OBJECTEXTEND PRINT(.\L
                    -istings\conbination keys.lst) TABS(2) OBJECT(.\Objects\conbination keys.obj)

line level    source

   1          #include <reg52.h>
   2          #include "Delay.h"    //包含Delay头文件
   3          #include "LCD1602.h"  //包含LCD1602头文件
   4          #include "MatrixKey.h"  //包含矩阵键盘头文件
   5          
   6          unsigned int t;
   7          unsigned int keys,cot;
   8          void main()
   9          { 
  10   1        LCD_Init();             //LCD初始化
  11   1        LCD_ShowString(1,1,"Input Keys :"); //LCD显示字符串
  12   1        while(1)
  13   1        {
  14   2          t=MatrixKey();        //获取矩阵键盘键码
  15   2          if(t)           //如果有按键按下
  16   2          {
  17   3            if(t<=10)
  18   3            {
  19   4              if(cot<4)
  20   4              {
  21   5                keys=keys*10;
  22   5                keys=keys+t%10;
  23   5                cot++;
  24   5              }
  25   4                LCD_ShowNum(2,1,keys,4);//LCD显示密码
  26   4            }
  27   3              if(t==11)
  28   3              {
  29   4                if(keys==1102)
  30   4                {
  31   5                  LCD_ShowString(1,14,"OK ");
  32   5                  keys=0;
  33   5                  cot=0;
  34   5                  LCD_ShowNum(2,1,keys,4);//LCD显示密码
  35   5                }
  36   4                else
  37   4                {
  38   5                  LCD_ShowString(1,14,"ERR");
  39   5                  keys=0;
  40   5                  cot=0;
  41   5                  LCD_ShowNum(2,1,keys,4);//LCD显示密码
  42   5                }
  43   4              }
  44   3              if(t==12)
  45   3              {
  46   4                keys=0;
  47   4                cot=0;
  48   4                LCD_ShowNum(2,1,keys,4);
  49   4              }
  50   3          }
  51   2        }
  52   1      }
  53          
  54          
C51 COMPILER V9.54   CONBINATION_KEYS                                                      04/04/2022 18:58:50 PAGE 2   

  55          
  56          


MODULE INFORMATION:   STATIC OVERLAYABLE
   CODE SIZE        =    204    ----
   CONSTANT SIZE    =     21    ----
   XDATA SIZE       =   ----    ----
   PDATA SIZE       =   ----    ----
   DATA SIZE        =      6    ----
   IDATA SIZE       =   ----    ----
   BIT SIZE         =   ----    ----
END OF MODULE INFORMATION.


C51 COMPILATION COMPLETE.  0 WARNING(S),  0 ERROR(S)
