C51 COMPILER V9.54   MATRIXKEY                                                             04/04/2022 18:58:50 PAGE 1   


C51 COMPILER V9.54, COMPILATION OF MODULE MATRIXKEY
OBJECT MODULE PLACED IN .\Objects\MatrixKey.obj
COMPILER INVOKED BY: C:\Keil_v5\C51\BIN\C51.EXE MatrixKey.c OPTIMIZE(8,SPEED) BROWSE DEBUG OBJECTEXTEND PRINT(.\Listings
                    -\MatrixKey.lst) TABS(2) OBJECT(.\Objects\MatrixKey.obj)

line level    source

   1          #include <reg52.h>
   2          #include "Delay.h"
   3          
   4          
   5          #define key P1     
   6          typedef unsigned char u8;
   7          typedef unsigned int u16;
   8          
   9          u8 keyvalue;  
  10          
  11          unsigned char MatrixKey()
  12          {
  13   1      
  14   1        key=0x0f;
  15   1        if(key!=0x0f)
  16   1        {
  17   2          Delay(100);
  18   2          if(key!=0x0f)
  19   2          {
  20   3            key=0x0f;
  21   3            switch(key)
  22   3            {
  23   4              case 0x07 : keyvalue=1;break;
  24   4              case 0x0b : keyvalue=2;break;
  25   4              case 0x0d : keyvalue=3;break;
  26   4              case 0x0e : keyvalue=4;break;
  27   4            }
  28   3            key=0xf0;
  29   3            switch(key)
  30   3            {
  31   4              case 0x70 : keyvalue=keyvalue;break;
  32   4              case 0xb0 : keyvalue=keyvalue+4;break;
  33   4              case 0xd0 : keyvalue=keyvalue+8;break;
  34   4              case 0xe0 : keyvalue=keyvalue+12;break;
  35   4            }
  36   3            return keyvalue;
  37   3          }
  38   2        }
  39   1      }
*** WARNING C291 IN LINE 39 OF MatrixKey.c: not every exit path returns a value


MODULE INFORMATION:   STATIC OVERLAYABLE
   CODE SIZE        =    105    ----
   CONSTANT SIZE    =   ----    ----
   XDATA SIZE       =   ----    ----
   PDATA SIZE       =   ----    ----
   DATA SIZE        =      1    ----
   IDATA SIZE       =   ----    ----
   BIT SIZE         =   ----    ----
END OF MODULE INFORMATION.


C51 COMPILATION COMPLETE.  1 WARNING(S),  0 ERROR(S)
