C51 COMPILER V9.54   1602                                                                  04/02/2022 14:28:14 PAGE 1   


C51 COMPILER V9.54, COMPILATION OF MODULE 1602
OBJECT MODULE PLACED IN .\Objects\1602.obj
COMPILER INVOKED BY: C:\Keil_v5\C51\BIN\C51.EXE 1602.c OPTIMIZE(8,SPEED) BROWSE DEBUG OBJECTEXTEND PRINT(.\Listings\1602
                    -.lst) TABS(2) OBJECT(.\Objects\1602.obj)

line level    source

   1          #include <reg52.h>
   2          #include "LCD1602.h"
   3          #include "Delay.h"
   4          
   5          unsigned int result=0;
   6          
   7          void main()
   8          {
   9   1          LCD_Init();
  10   1        LCD_ShowChar(1,1,'N');
  11   1        LCD_ShowChar(1,2,'D');
  12   1        LCD_ShowString(1,4,"Hello");
  13   1        LCD_ShowNum(1,10,222,3);
  14   1        LCD_ShowSignedNum(1,14,-22,2);
  15   1        LCD_ShowHexNum(2,1,0xAA,2);
  16   1        LCD_ShowBinNum(2,4,0xAB,8);
  17   1      
  18   1          while(1);
  19   1      
  20   1      }


MODULE INFORMATION:   STATIC OVERLAYABLE
   CODE SIZE        =     92    ----
   CONSTANT SIZE    =      6    ----
   XDATA SIZE       =   ----    ----
   PDATA SIZE       =   ----    ----
   DATA SIZE        =      2    ----
   IDATA SIZE       =   ----    ----
   BIT SIZE         =   ----    ----
END OF MODULE INFORMATION.


C51 COMPILATION COMPLETE.  0 WARNING(S),  0 ERROR(S)
