C51 COMPILER V9.54   CAR1                                                                  06/01/2022 12:41:32 PAGE 1   


C51 COMPILER V9.54, COMPILATION OF MODULE CAR1
OBJECT MODULE PLACED IN .\Objects\car1.obj
COMPILER INVOKED BY: D:\MDK\C51\BIN\C51.EXE car1.c OPTIMIZE(8,SPEED) BROWSE DEBUG OBJECTEXTEND PRINT(.\Listings\car1.lst
                    -) TABS(2) OBJECT(.\Objects\car1.obj)

line level    source

   1          #include<reg52.h>
   2          #include<intrins.h>
   3          #include"delay.h"
   4          
   5          sbit LEA=P1^0;//左边轮的使能端A
   6          sbit LEB=P1^1;//右边轮的使能端B
   7          //左前轮
   8          sbit LIN3=P1^6;
   9          sbit LIN4=P1^7;
  10          ////右前轮
  11          sbit LIN1=P1^4;
  12          sbit LIN2=P1^5;
  13          
  14          
  15          
  16          //方向控制
  17          void forward();//前进
  18          void back();//后退
  19          void stop();//停止
  20          void turnLeft();//左转
  21          void turnRight();//右转
  22          
  23          
  24          //红外模块
  25          //从右到左
  26          //in4是最右边的红外灯
  27          sbit in1=P0^1;
  28          sbit in3=P0^2;
  29          sbit in5=P0^3;
  30          
  31          void trace();//红外循迹
  32          
  33          //通过控制使能端高低电平输出的时间从而控制速度
  34          int count=0; //用于计数
  35          int leftpwm;   //左轮pwm  
  36          int rightpwm;   //右轮pwm 
  37          void time0Init();//定时器0的初始化.
  38                 
  39          
  40          int main()
  41          {
  42   1          LEA=1;
  43   1          LEB=1;
  44   1          EA=1;//打开总中断
  45   1          time0Init();//定时器0初始化
  46   1          forward();//使车的方向一开始向前
  47   1          while(1)
  48   1          {
  49   2              trace();
  50   2          }
  51   1      }
  52          
  53          
  54          void forward()//前进
C51 COMPILER V9.54   CAR1                                                                  06/01/2022 12:41:32 PAGE 2   

  55          {
  56   1          //前进，所有轮正转
  57   1        
  58   1          LIN1=1;
  59   1          LIN2=0;
  60   1      
  61   1          LIN3=0;
  62   1          LIN4=1;
  63   1      
  64   1      }
  65          void back()//后退
  66          {
  67   1            //前进，所有轮反转
  68   1        
  69   1          LIN1=0;
  70   1          LIN2=1;
  71   1      
  72   1          LIN3=1;
  73   1          LIN4=0;
  74   1      
  75   1      }
  76          void turnLeft()//左转
  77          {
  78   1          //左转  左边的轮正转，右边轮反转
  79   1        
  80   1          LIN1=1;
  81   1          LIN2=0;
  82   1      
  83   1          LIN3=1;
  84   1          LIN4=0;
  85   1      
  86   1          Delay100ms();//延时5ms 控制转弯的角度
  87   1      
  88   1      }
  89          void turnRight()//右转
  90          {
  91   1          //右转，左边轮反转，右边轮正转
  92   1        
  93   1          LIN1=1;
  94   1          LIN2=0;
  95   1      
  96   1          LIN3=1;
  97   1          LIN4=0;
  98   1      
  99   1          Delay100ms();//延时5ms 控制转弯的角度
 100   1      }
 101          void stop()//停止
 102          {
 103   1          //停止，全部高电平或低电平
 104   1          LIN1=0;
 105   1          LIN2=0;
 106   1      
 107   1          LIN3=0;
 108   1          LIN4=0;
 109   1      }
 110          
 111          void trace()//红外循迹
 112          {
 113   1          //当红外遇到黑线时吸收红外光，输出高电平
 114   1          //遇到白线时反射红外，输出低电平
 115   1      
 116   1          int dir=0;//0表示直走
C51 COMPILER V9.54   CAR1                                                                  06/01/2022 12:41:32 PAGE 3   

 117   1                      //1 代表左转
 118   1                      //2 代表右转
 119   1          // 0 0 0
 120   1          if(in1==0&&in3==0&&in5==0)
 121   1              dir=0;
 122   1          // 0 0 1
 123   1          else if (in1==0&&in3==0&&in5==1)
 124   1              dir=2;
 125   1          // 0 1 0
 126   1          else if (in1==0&&in3==1&&in5==0)
 127   1              dir=0;
 128   1          // 0 1 1 
 129   1          else if (in1==0&&in3==1&&in5==1)
 130   1              dir=2;
 131   1          // 1 0 0
 132   1          else if (in1==1&&in3==0&&in5==0)
 133   1              dir=1;
 134   1      
 135   1          // 1 0 1
 136   1          else if (in1==1&&in3==0&&in5==1)
 137   1              dir=0;
 138   1          // 1 1 0
 139   1          else if (in1==1&&in3==1&&in5==0)
 140   1              dir=1;
 141   1          // 1 1 1
 142   1          else if (in1==1&&in3==1&&in5==1)
 143   1              dir=0;
 144   1      
 145   1          switch(dir)
 146   1          {
 147   2              case 0:
 148   2                  leftpwm=80;
 149   2                  rightpwm=40;
 150   2                  forward();
 151   2                  break;
 152   2              case 1:
 153   2                  leftpwm=80;
 154   2                  rightpwm=40;
 155   2                  turnLeft();
 156   2                  break;
 157   2              case 2:
 158   2                  leftpwm=40;
 159   2                  rightpwm=80;
 160   2                  turnRight();
 161   2                  break;
 162   2          }
 163   1      }
 164          
 165          void time0Init()//定时器0的初始化.
 166          {
 167   1        TMOD &= 0xF0;   
 168   1        TMOD |= 0x01;   //工作方式一
 169   1        TL0 = 0x66;      //定时1ms
 170   1        TH0 = 0xFC; 
 171   1        TF0 = 0;    
 172   1        TR0 = 1;          //启动定时器0
 173   1        ET0=1;            //开启定时器0的中断
 174   1      }
 175          
 176          void time0Fun() interrupt 1     //1ms 中断一次，count加一
 177          {
 178   1          TH0=0xfc;
C51 COMPILER V9.54   CAR1                                                                  06/01/2022 12:41:32 PAGE 4   

 179   1          TL0=0x66;
 180   1          
 181   1        count%=100;
 182   1        if(count<leftpwm)
 183   1        {
 184   2          LIN3=0;
 185   2          LIN4=1;
 186   2        }
 187   1        else
 188   1        {
 189   2          LIN3=0;
 190   2          LIN4=0;
 191   2        }
 192   1        
 193   1        if(count<rightpwm)
 194   1        {
 195   2          LIN1=1;
 196   2          LIN2=0;
 197   2        }
 198   1        else
 199   1        {
 200   2          LIN1=0;
 201   2          LIN2=0;
 202   2        }
 203   1        count++;
 204   1      }


MODULE INFORMATION:   STATIC OVERLAYABLE
   CODE SIZE        =    364    ----
   CONSTANT SIZE    =   ----    ----
   XDATA SIZE       =   ----    ----
   PDATA SIZE       =   ----    ----
   DATA SIZE        =      6    ----
   IDATA SIZE       =   ----    ----
   BIT SIZE         =   ----    ----
END OF MODULE INFORMATION.


C51 COMPILATION COMPLETE.  0 WARNING(S),  0 ERROR(S)
