C51 COMPILER V9.54   FDKL                                                                  04/10/2022 15:21:10 PAGE 1   


C51 COMPILER V9.54, COMPILATION OF MODULE FDKL
OBJECT MODULE PLACED IN .\Objects\fdkl.obj
COMPILER INVOKED BY: C:\Keil_v5\C51\BIN\C51.EXE fdkl.c OPTIMIZE(8,SPEED) BROWSE DEBUG OBJECTEXTEND PRINT(.\Listings\fdkl
                    -.lst) TABS(2) OBJECT(.\Objects\fdkl.obj)

line level    source

   1          #include <reg52.h>
   2          #include "lcd1602.h"
   3          
   4          unsigned char array[] = {"hello word"};
   5          unsigned char i = 0;
   6          
   7          
   8          void main()
   9          {
  10   1        //1.初始化lcd1602
  11   1        init_lcd();
  12   1        //2.写数据（hello word）到LCD1602显示
  13   1        while(array[i] != '\0')
  14   1        { 
  15   2          write_data(array[i]);
  16   2          i++;
  17   2        } 
  18   1        while(1);
  19   1      }


MODULE INFORMATION:   STATIC OVERLAYABLE
   CODE SIZE        =     21    ----
   CONSTANT SIZE    =   ----    ----
   XDATA SIZE       =   ----    ----
   PDATA SIZE       =   ----    ----
   DATA SIZE        =     12    ----
   IDATA SIZE       =   ----    ----
   BIT SIZE         =   ----    ----
END OF MODULE INFORMATION.


C51 COMPILATION COMPLETE.  0 WARNING(S),  0 ERROR(S)
