C51 COMPILER V9.54   LCD1602                                                               04/10/2022 15:21:10 PAGE 1   


C51 COMPILER V9.54, COMPILATION OF MODULE LCD1602
OBJECT MODULE PLACED IN .\Objects\lcd1602.obj
COMPILER INVOKED BY: C:\Keil_v5\C51\BIN\C51.EXE lcd1602.c OPTIMIZE(8,SPEED) BROWSE DEBUG OBJECTEXTEND PRINT(.\Listings\l
                    -cd1602.lst) TABS(2) OBJECT(.\Objects\lcd1602.obj)

line level    source

   1          #include <reg52.h>
   2          #include "lcd1602.h"
   3          
   4          #define LCD P0
   5          sbit E = P2^7;  //使能
   6          sbit RS = P2^6; //数据/命令（H/L）
   7          sbit RW = P2^5; //读写（H/L）
   8          
   9          /******延迟5毫秒函数********/
  10          void delay5ms()   //误差 -0.000000000001us
  11          {
  12   1          unsigned char a,b;
  13   1          for(b=15;b>0;b--)
  14   1              for(a=152;a>0;a--);
  15   1      }
  16          
  17          
  18          /******LCD1602写命令函数********/
  19          void write_com(unsigned char command)
  20          {
  21   1        RS = 0; 
  22   1        RW = 0;   //高读低写
  23   1        LCD = command;
  24   1        delay5ms(); //这里延时最低要30纳秒 我们直接给5ms
  25   1        E = 1;    //使能拉高 
  26   1        delay5ms(); //最低要求延迟150纳秒 我们直接给5ms
  27   1        E = 0;
  28   1      }
  29          
  30          /******LCD1602写数据函数********/
  31          void write_data(unsigned char dat)
  32          {
  33   1        RS = 1;
  34   1        RW = 0;
  35   1        LCD = dat;
  36   1        delay5ms(); //这里延时最低要30纳秒 我们直接给5ms
  37   1        E = 1;    //使能拉高 
  38   1        delay5ms(); //最低要求延迟150纳秒 我们直接给5ms
  39   1        E = 0;
  40   1      }
  41          /******初始化LCD1602********/
  42          void init_lcd()
  43          { 
  44   1        write_com(0x06); //写入数据后光标自动右移 整屏不移动。
  45   1        write_com(0x0c); //开显示功能 无光标 不闪烁
  46   1        write_com(0x38); //数据总线8位 16X2显示 5*7点阵
  47   1        write_com(0x01); //清屏 0000 0001
  48   1        write_com(0x83); //在1602第一行第3个开始显示
  49   1      }


MODULE INFORMATION:   STATIC OVERLAYABLE
   CODE SIZE        =     59    ----
   CONSTANT SIZE    =   ----    ----
C51 COMPILER V9.54   LCD1602                                                               04/10/2022 15:21:10 PAGE 2   

   XDATA SIZE       =   ----    ----
   PDATA SIZE       =   ----    ----
   DATA SIZE        =   ----    ----
   IDATA SIZE       =   ----    ----
   BIT SIZE         =   ----    ----
END OF MODULE INFORMATION.


C51 COMPILATION COMPLETE.  0 WARNING(S),  0 ERROR(S)
